This is XeTeX, Version 3.141592653-2.6-0.999995 (TeX Live 2023) (preloaded format=xelatex 2023.4.26)  2 NOV 2024 01:37
entering extended mode
 restricted \write18 enabled.
 file:line:error style messages enabled.
 %&-line parsing enabled.
**/Users/hongjan/Documents/book-jyutzigoigaak-main/preamble/layout
(/Users/hongjan/Documents/book-jyutzigoigaak-main/preamble/layout.tex
LaTeX2e <2022-11-01> patch level 1
L3 programming layer <2023-02-22>

/Users/hongjan/Documents/book-jyutzigoigaak-main/preamble/layout.tex:16: LaTeX Error: \usepackage before \documentclass.

See the LaTeX manual or LaTeX Companion for explanation.
Type  H <return>  for immediate help.
 ...                                              
                                                  
l.16 \usepackage{
                 epigraph}
\usepackage may only appear in the document preamble, i.e.,
between \documentclass and \begin{document}.


/Users/hongjan/Documents/book-jyutzigoigaak-main/preamble/layout.tex:20: LaTeX Error: Command \@makefntext undefined.

See the LaTeX manual or LaTeX Companion for explanation.
Type  H <return>  for immediate help.
 ...                                              
                                                  
l.20 \renewcommand{\@makefntext}
                                [1]{\jcz{\@thefnmark.} #1}
Try typing  <return>  to proceed.
If that doesn't work, type  X <return>  to quit.


/Users/hongjan/Documents/book-jyutzigoigaak-main/preamble/layout.tex:23: LaTeX Error: \usepackage before \documentclass.

See the LaTeX manual or LaTeX Companion for explanation.
Type  H <return>  for immediate help.
 ...                                              
                                                  
l.23 \usepackage{
                 enumitem}
\usepackage may only appear in the document preamble, i.e.,
between \documentclass and \begin{document}.

)
! Emergency stop.
<*> ...nts/book-jyutzigoigaak-main/preamble/layout
                                                  
*** (job aborted, no legal \end found)

 
Here is how much of TeX's memory you used:
 18 strings out of 476683
 476 string characters out of 5804047
 1842018 words of memory out of 5000000
 20364 multiletter control sequences out of 15000+600000
 512287 words of font info for 32 fonts, out of 8000000 for 9000
 1348 hyphenation exceptions out of 8191
 12i,0n,12p,317b,14s stack positions out of 10000i,1000n,20000p,200000b,200000s
No pages of output.
