This is XeTeX, Version 3.141592653-2.6-0.999997 (TeX Live 2025) (preloaded format=xelatex 2025.3.29)  26 JUN 2025 14:21
entering extended mode
 restricted \write18 enabled.
 file:line:error style messages enabled.
 %&-line parsing enabled.
**/Users/hongjan/Documents/paper-siumatgwoon/paper
(/Users/hongjan/Documents/paper-siumatgwoon/paper.tex
LaTeX2e <2024-11-01> patch level 2
L3 programming layer <2025-01-18>
)
! Emergency stop.
<*> ...s/hongjan/Documents/paper-siumatgwoon/paper
                                                  
*** (job aborted, no legal \end found)

 
Here is how much of TeX's memory you used:
 15 strings out of 473832
 385 string characters out of 5729481
 386380 words of memory out of 5000000
 23180 multiletter control sequences out of 15000+600000
 558837 words of font info for 36 fonts, out of 8000000 for 9000
 1348 hyphenation exceptions out of 8191
 11i,0n,13p,128b,8s stack positions out of 10000i,1000n,20000p,200000b,200000s
No pages of output.
