This is XeTeX, Version 3.141592653-2.6-0.999997 (TeX Live 2025) (preloaded format=xelatex 2025.3.29)  27 JUN 2025 01:05
entering extended mode
 restricted \write18 enabled.
 file:line:error style messages enabled.
 %&-line parsing enabled.
**/Users/hongjan/Documents/paper-siumatgwoon/siumatgwoon
(/Users/hongjan/Documents/paper-siumatgwoon/siumatgwoon.tex
LaTeX2e <2024-11-01> patch level 2
L3 programming layer <2025-01-18>
(/usr/local/texlive/2025/texmf-dist/tex/latex/base/article.cls
Document Class: article 2024/06/29 v1.4n Standard LaTeX document class
(/usr/local/texlive/2025/texmf-dist/tex/latex/base/size10.clo
File: size10.clo 2024/06/29 v1.4n Standard LaTeX file (size option)
)
\c@part=\count192
\c@section=\count193
\c@subsection=\count194
\c@subsubsection=\count195
\c@paragraph=\count196
\c@subparagraph=\count197
\c@figure=\count198
\c@table=\count199
\abovecaptionskip=\skip49
\belowcaptionskip=\skip50
\bibindent=\dimen141
) (/usr/local/texlive/2025/texmf-dist/tex/latex/amsmath/amsmath.sty
Package: amsmath 2024/11/05 v2.17t AMS math features
\@mathmargin=\skip51

For additional information on amsmath, use the `?' option.
(/usr/local/texlive/2025/texmf-dist/tex/latex/amsmath/amstext.sty
Package: amstext 2021/08/26 v2.01 AMS text
 (/usr/local/texlive/2025/texmf-dist/tex/latex/amsmath/amsgen.sty
File: amsgen.sty 1999/11/30 v2.0 generic functions
\@emptytoks=\toks17
\ex@=\dimen142
)) (/usr/local/texlive/2025/texmf-dist/tex/latex/amsmath/amsbsy.sty
Package: amsbsy 1999/11/29 v1.2d Bold Symbols
\pmbraise@=\dimen143
) (/usr/local/texlive/2025/texmf-dist/tex/latex/amsmath/amsopn.sty
Package: amsopn 2022/04/08 v2.04 operator names
)
\inf@bad=\count266
LaTeX Info: Redefining \frac on input line 233.
\uproot@=\count267
\leftroot@=\count268
LaTeX Info: Redefining \overline on input line 398.
LaTeX Info: Redefining \colon on input line 409.
\classnum@=\count269
\DOTSCASE@=\count270
LaTeX Info: Redefining \ldots on input line 495.
LaTeX Info: Redefining \dots on input line 498.
LaTeX Info: Redefining \cdots on input line 619.
\Mathstrutbox@=\box52
\strutbox@=\box53
LaTeX Info: Redefining \big on input line 721.
LaTeX Info: Redefining \Big on input line 722.
LaTeX Info: Redefining \bigg on input line 723.
LaTeX Info: Redefining \Bigg on input line 724.
\big@size=\dimen144
LaTeX Font Info:    Redeclaring font encoding OML on input line 742.
LaTeX Font Info:    Redeclaring font encoding OMS on input line 743.
\macc@depth=\count271
LaTeX Info: Redefining \bmod on input line 904.
LaTeX Info: Redefining \pmod on input line 909.
LaTeX Info: Redefining \smash on input line 939.
LaTeX Info: Redefining \relbar on input line 969.
LaTeX Info: Redefining \Relbar on input line 970.
\c@MaxMatrixCols=\count272
\dotsspace@=\muskip17
\c@parentequation=\count273
\dspbrk@lvl=\count274
\tag@help=\toks18
\row@=\count275
\column@=\count276
\maxfields@=\count277
\andhelp@=\toks19
\eqnshift@=\dimen145
\alignsep@=\dimen146
\tagshift@=\dimen147
\tagwidth@=\dimen148
\totwidth@=\dimen149
\lineht@=\dimen150
\@envbody=\toks20
\multlinegap=\skip52
\multlinetaggap=\skip53
\mathdisplay@stack=\toks21
LaTeX Info: Redefining \[ on input line 2953.
LaTeX Info: Redefining \] on input line 2954.
) (/usr/local/texlive/2025/texmf-dist/tex/latex/amsfonts/amssymb.sty
Package: amssymb 2013/01/14 v3.01 AMS font symbols
 (/usr/local/texlive/2025/texmf-dist/tex/latex/amsfonts/amsfonts.sty
Package: amsfonts 2013/01/14 v3.01 Basic AMSFonts support
\symAMSa=\mathgroup4
\symAMSb=\mathgroup5
LaTeX Font Info:    Redeclaring math symbol \hbar on input line 98.
LaTeX Font Info:    Overwriting math alphabet `\mathfrak' in version `bold'
(Font)                  U/euf/m/n --> U/euf/b/n on input line 106.
)) (/usr/local/texlive/2025/texmf-dist/tex/latex/base/inputenc.sty
Package: inputenc 2024/02/08 v1.3d Input encoding file
\inpenc@prehook=\toks22
\inpenc@posthook=\toks23


Package inputenc Warning: inputenc package ignored with utf8 based engines.

) (/usr/local/texlive/2025/texmf-dist/tex/latex/ctex/ctex.sty (/usr/local/texlive/2025/texmf-dist/tex/latex/l3kernel/expl3.sty
Package: expl3 2025-01-18 L3 programming layer (loader) 
 (/usr/local/texlive/2025/texmf-dist/tex/latex/l3backend/l3backend-xetex.def
File: l3backend-xetex.def 2024-05-08 L3 backend support: XeTeX
\g__graphics_track_int=\count278
\l__pdf_internal_box=\box54
\g__pdf_backend_annotation_int=\count279
\g__pdf_backend_link_int=\count280
))
Package: ctex 2022/07/14 v2.5.10 Chinese adapter in LaTeX (CTEX)
 (/usr/local/texlive/2025/texmf-dist/tex/latex/ctex/ctexhook.sty
Package: ctexhook 2022/07/14 v2.5.10 Document and package hooks (CTEX)
) (/usr/local/texlive/2025/texmf-dist/tex/latex/ctex/ctexpatch.sty
Package: ctexpatch 2022/07/14 v2.5.10 Patching commands (CTEX)
) (/usr/local/texlive/2025/texmf-dist/tex/latex/base/fix-cm.sty
Package: fix-cm 2020/11/24 v1.1t fixes to LaTeX
 (/usr/local/texlive/2025/texmf-dist/tex/latex/base/ts1enc.def
File: ts1enc.def 2001/06/05 v3.0e (jk/car/fm) Standard LaTeX file
LaTeX Font Info:    Redeclaring font encoding TS1 on input line 47.
))
\l__ctex_tmp_int=\count281
\l__ctex_tmp_box=\box55
\l__ctex_tmp_dim=\dimen151
\g__ctex_section_depth_int=\count282
\g__ctex_font_size_int=\count283
 (/usr/local/texlive/2025/texmf-dist/tex/latex/ctex/config/ctexopts.cfg
File: ctexopts.cfg 2022/07/14 v2.5.10 Option configuration file (CTEX)
) (/usr/local/texlive/2025/texmf-dist/tex/latex/ctex/engine/ctex-engine-xetex.def
File: ctex-engine-xetex.def 2022/07/14 v2.5.10 XeLaTeX adapter (CTEX)
 (/usr/local/texlive/2025/texmf-dist/tex/xelatex/xecjk/xeCJK.sty
Package: xeCJK 2022/08/05 v3.9.1 Typesetting CJK scripts with XeLaTeX
 (/usr/local/texlive/2025/texmf-dist/tex/latex/l3packages/xtemplate/xtemplate.sty
Package: xtemplate 2024-08-16 L3 Experimental prototype document functions
)
\l__xeCJK_tmp_int=\count284
\l__xeCJK_tmp_box=\box56
\l__xeCJK_tmp_dim=\dimen152
\l__xeCJK_tmp_skip=\skip54
\g__xeCJK_space_factor_int=\count285
\l__xeCJK_begin_int=\count286
\l__xeCJK_end_int=\count287
\c__xeCJK_CJK_class_int=\XeTeXcharclass1
\c__xeCJK_FullLeft_class_int=\XeTeXcharclass2
\c__xeCJK_FullRight_class_int=\XeTeXcharclass3
\c__xeCJK_HalfLeft_class_int=\XeTeXcharclass4
\c__xeCJK_HalfRight_class_int=\XeTeXcharclass5
\c__xeCJK_NormalSpace_class_int=\XeTeXcharclass6
\c__xeCJK_CM_class_int=\XeTeXcharclass7
\c__xeCJK_HangulJamo_class_int=\XeTeXcharclass8
\l__xeCJK_last_skip=\skip55
\c__xeCJK_none_node=\count288
\g__xeCJK_node_int=\count289
\c__xeCJK_CJK_node_dim=\dimen153
\c__xeCJK_CJK-space_node_dim=\dimen154
\c__xeCJK_default_node_dim=\dimen155
\c__xeCJK_CJK-widow_node_dim=\dimen156
\c__xeCJK_normalspace_node_dim=\dimen157
\c__xeCJK_default-space_node_skip=\skip56
\l__xeCJK_ccglue_skip=\skip57
\l__xeCJK_ecglue_skip=\skip58
\l__xeCJK_punct_kern_skip=\skip59
\l__xeCJK_indent_box=\box57
\l__xeCJK_last_penalty_int=\count290
\l__xeCJK_last_bound_dim=\dimen158
\l__xeCJK_last_kern_dim=\dimen159
\l__xeCJK_widow_penalty_int=\count291

LaTeX template Info: Declaring template type 'xeCJK/punctuation' taking 0
(template)           argument(s) on line 2396.

\l__xeCJK_fixed_punct_width_dim=\dimen160
\l__xeCJK_mixed_punct_width_dim=\dimen161
\l__xeCJK_middle_punct_width_dim=\dimen162
\l__xeCJK_fixed_margin_width_dim=\dimen163
\l__xeCJK_mixed_margin_width_dim=\dimen164
\l__xeCJK_middle_margin_width_dim=\dimen165
\l__xeCJK_bound_punct_width_dim=\dimen166
\l__xeCJK_bound_margin_width_dim=\dimen167
\l__xeCJK_margin_minimum_dim=\dimen168
\l__xeCJK_kerning_total_width_dim=\dimen169
\l__xeCJK_same_align_margin_dim=\dimen170
\l__xeCJK_different_align_margin_dim=\dimen171
\l__xeCJK_kerning_margin_width_dim=\dimen172
\l__xeCJK_kerning_margin_minimum_dim=\dimen173
\l__xeCJK_bound_dim=\dimen174
\l__xeCJK_reverse_bound_dim=\dimen175
\l__xeCJK_margin_dim=\dimen176
\l__xeCJK_minimum_bound_dim=\dimen177
\l__xeCJK_kerning_margin_dim=\dimen178
\g__xeCJK_family_int=\count292
\l__xeCJK_fam_int=\count293
\g__xeCJK_fam_allocation_int=\count294
\l__xeCJK_verb_case_int=\count295
\l__xeCJK_verb_exspace_skip=\skip60
 (/usr/local/texlive/2025/texmf-dist/tex/latex/fontspec/fontspec.sty (/usr/local/texlive/2025/texmf-dist/tex/latex/l3packages/xparse/xparse.sty
Package: xparse 2024-08-16 L3 Experimental document command parser
)
Package: fontspec 2024/05/11 v2.9e Font selection for XeLaTeX and LuaLaTeX
 (/usr/local/texlive/2025/texmf-dist/tex/latex/fontspec/fontspec-xetex.sty
Package: fontspec-xetex 2024/05/11 v2.9e Font selection for XeLaTeX and LuaLaTeX
\l__fontspec_script_int=\count296
\l__fontspec_language_int=\count297
\l__fontspec_strnum_int=\count298
\l__fontspec_tmp_int=\count299
\l__fontspec_tmpa_int=\count300
\l__fontspec_tmpb_int=\count301
\l__fontspec_tmpc_int=\count302
\l__fontspec_em_int=\count303
\l__fontspec_emdef_int=\count304
\l__fontspec_strong_int=\count305
\l__fontspec_strongdef_int=\count306
\l__fontspec_tmpa_dim=\dimen179
\l__fontspec_tmpb_dim=\dimen180
\l__fontspec_tmpc_dim=\dimen181
 (/usr/local/texlive/2025/texmf-dist/tex/latex/base/fontenc.sty
Package: fontenc 2021/04/29 v2.0v Standard LaTeX package
) (/usr/local/texlive/2025/texmf-dist/tex/latex/fontspec/fontspec.cfg))) (/usr/local/texlive/2025/texmf-dist/tex/xelatex/xecjk/xeCJK.cfg
File: xeCJK.cfg 2022/08/05 v3.9.1 Configuration file for xeCJK package
))
\ccwd=\dimen182
\l__ctex_ccglue_skip=\skip61
)
\l__ctex_ziju_dim=\dimen183
 (/usr/local/texlive/2025/texmf-dist/tex/latex/zhnumber/zhnumber.sty
Package: zhnumber 2022/07/14 v3.0 Typesetting numbers with Chinese glyphs
\l__zhnum_scale_int=\count307
\l__zhnum_tmp_int=\count308
 (/usr/local/texlive/2025/texmf-dist/tex/latex/zhnumber/zhnumber-utf8.cfg
File: zhnumber-utf8.cfg 2022/07/14 v3.0 Chinese numerals with UTF8 encoding
)) (/usr/local/texlive/2025/texmf-dist/tex/latex/ctex/scheme/ctex-scheme-chinese.def
File: ctex-scheme-chinese.def 2022/07/14 v2.5.10 Chinese scheme for generic (CTEX)
 (/usr/local/texlive/2025/texmf-dist/tex/latex/ctex/config/ctex-name-utf8.cfg
File: ctex-name-utf8.cfg 2022/07/14 v2.5.10 Caption with encoding UTF-8 (CTEX)
)) (/usr/local/texlive/2025/texmf-dist/tex/latex/tools/indentfirst.sty
Package: indentfirst 2023/07/02 v1.03 Indent first paragraph (DPC)
) (/usr/local/texlive/2025/texmf-dist/tex/latex/ctex/fontset/ctex-fontset-mac.def
File: ctex-fontset-mac.def 2022/07/14 v2.5.10 macOS fonts definition (CTEX)
 (/usr/local/texlive/2025/texmf-dist/tex/latex/ctex/fontset/ctex-fontset-macold.def
File: ctex-fontset-macold.def 2022/07/14 v2.5.10 macOS fonts definition for Yosemite or earlier version (CTEX)

Package fontspec Info: 
(fontspec)             Script 'CJK' not explicitly supported within font
(fontspec)             'STSong'. Check the typeset output, and if it is okay
(fontspec)             then ignore this warning. Otherwise a different font
(fontspec)             should be chosen.


Package fontspec Info: 
(fontspec)             Could not resolve font "STKaiti/B" (it probably doesn't
(fontspec)             exist).


Package fontspec Info: 
(fontspec)             Could not resolve font "STHeiti/I" (it probably doesn't
(fontspec)             exist).


Package fontspec Info: 
(fontspec)             Could not resolve font "STSong/BI" (it probably doesn't
(fontspec)             exist).


Package fontspec Info: 
(fontspec)             Font family 'STSong(0)' created for font 'STSong' with
(fontspec)             options
(fontspec)             [Script={CJK},BoldFont={STHeiti},ItalicFont={STKaiti}].
(fontspec)              
(fontspec)              This font family consists of the following NFSS
(fontspec)             series/shapes:
(fontspec)              
(fontspec)             - 'normal' (m/n) with NFSS spec.:
(fontspec)             <->"STSong/OT:script=hani;language=dflt;"
(fontspec)             - 'bold' (b/n) with NFSS spec.:
(fontspec)             <->"STHeiti/OT:script=hani;language=dflt;"
(fontspec)             - 'italic' (m/it) with NFSS spec.:
(fontspec)             <->"STKaiti/OT:script=hani;language=dflt;"

))) (/usr/local/texlive/2025/texmf-dist/tex/latex/ctex/config/ctex.cfg
File: ctex.cfg 2022/07/14 v2.5.10 Configuration file (CTEX)
) (/usr/local/texlive/2025/texmf-dist/tex/latex/epigraph/epigraph.sty
Package: epigraph 2020/01/02 v1.5e typesetting epigraphs
 (/usr/local/texlive/2025/texmf-dist/tex/latex/nextpage/nextpage.sty
Package: nextpage 2009/09/03 v1.1a additional page commands
)
\beforeepigraphskip=\skip62
\afterepigraphskip=\skip63
\epigraphwidth=\skip64
\epigraphrule=\skip65
) (/usr/local/texlive/2025/texmf-dist/tex/latex/amscls/amsthm.sty
Package: amsthm 2020/05/29 v2.20.6
\thm@style=\toks24
\thm@bodyfont=\toks25
\thm@headfont=\toks26
\thm@notefont=\toks27
\thm@headpunct=\toks28
\thm@preskip=\skip66
\thm@postskip=\skip67
\thm@headsep=\skip68
\dth@everypar=\toks29
)
\c@theorem=\count309
 (./preamble/fonts.tex

Package xeCJK Warning: Redefining CJKfamily `\CJKrmdefault' (STSong(0)).


Package fontspec Info: 
(fontspec)             Could not resolve font "BabelStone Han/BI" (it probably
(fontspec)             doesn't exist).


Package fontspec Info: 
(fontspec)             Could not resolve font "BabelStone Han/B" (it probably
(fontspec)             doesn't exist).


Package fontspec Info: 
(fontspec)             Could not resolve font "BabelStone Han/I" (it probably
(fontspec)             doesn't exist).


Package fontspec Info: 
(fontspec)             Font family 'BabelStoneHan(0)' created for font
(fontspec)             'BabelStone Han' with options [Script={CJK}].
(fontspec)              
(fontspec)              This font family consists of the following NFSS
(fontspec)             series/shapes:
(fontspec)              
(fontspec)             - 'normal' (m/n) with NFSS spec.: <->"BabelStone
(fontspec)             Han/OT:script=hani;language=dflt;"


Package fontspec Info: 
(fontspec)             Font family 'JyutcitziWithPMingLiURegular(0)' created
(fontspec)             for font 'JyutcitziWithPMingLiURegular' with options
(fontspec)             [Path = ./fonts/,Extension = .ttf].
(fontspec)              
(fontspec)              This font family consists of the following NFSS
(fontspec)             series/shapes:
(fontspec)              
(fontspec)             - 'normal' (m/n) with NFSS spec.:
(fontspec)             <->"[./fonts/JyutcitziWithPMingLiURegular.ttf]/OT:language=dflt;"


Package fontspec Info: 
(fontspec)             Font family 'JyutcitziWithSourceHanSerifTCRegular(0)'
(fontspec)             created for font 'JyutcitziWithSourceHanSerifTCRegular'
(fontspec)             with options [Path = ./fonts/,Extension = .ttf].
(fontspec)              
(fontspec)              This font family consists of the following NFSS
(fontspec)             series/shapes:
(fontspec)              
(fontspec)             - 'normal' (m/n) with NFSS spec.:
(fontspec)             <->"[./fonts/JyutcitziWithSourceHanSerifTCRegular.ttf]/OT:script=latn;language=dflt;"


Package fontspec Info: 
(fontspec)             Font family 'batang(0)' created for font 'batang' with
(fontspec)             options [Path = ./fonts/,Extension = .ttf].
(fontspec)              
(fontspec)              This font family consists of the following NFSS
(fontspec)             series/shapes:
(fontspec)              
(fontspec)             - 'normal' (m/n) with NFSS spec.:
(fontspec)             <->"[./fonts/batang.ttf]/OT:language=dflt;"


Package fontspec Info: 
(fontspec)             Font family 'GentiumBookPlus-Regular(0)' created for
(fontspec)             font 'GentiumBookPlus-Regular' with options [Path =
(fontspec)             ./fonts/,Extension = .ttf].
(fontspec)              
(fontspec)              This font family consists of the following NFSS
(fontspec)             series/shapes:
(fontspec)              
(fontspec)             - 'normal' (m/n) with NFSS spec.:
(fontspec)             <->"[./fonts/GentiumBookPlus-Regular.ttf]/OT:script=latn;language=dflt;"
(fontspec)             - 'small caps'  (m/sc) with NFSS spec.:
(fontspec)             <->"[./fonts/GentiumBookPlus-Regular.ttf]/OT:script=latn;language=dflt;+smcp;"

(/usr/local/texlive/2025/texmf-dist/tex/latex/cjk/texinput/ruby.sty
Package: ruby 2021/10/16 4.8.5


Package ctexhook Warning: Package `CJK' can not be loaded with `xeCJK'.

LaTeX Info: Package 'CJK.sty' has been disabled.
            Load request ignored on input line 31.
\ruby@width=\dimen184
)) (./styles/idc.tex) (./styles/verticalChinese.tex (/usr/local/texlive/2025/texmf-dist/tex/latex/graphics/graphicx.sty
Package: graphicx 2021/09/16 v1.2d Enhanced LaTeX Graphics (DPC,SPQR)
 (/usr/local/texlive/2025/texmf-dist/tex/latex/graphics/keyval.sty
Package: keyval 2022/05/29 v1.15 key=value parser (DPC)
\KV@toks@=\toks30
) (/usr/local/texlive/2025/texmf-dist/tex/latex/graphics/graphics.sty
Package: graphics 2024/08/06 v1.4g Standard LaTeX Graphics (DPC,SPQR)
 (/usr/local/texlive/2025/texmf-dist/tex/latex/graphics/trig.sty
Package: trig 2023/12/02 v1.11 sin cos tan (DPC)
) (/usr/local/texlive/2025/texmf-dist/tex/latex/graphics-cfg/graphics.cfg
File: graphics.cfg 2016/06/04 v1.11 sample graphics configuration
)
Package graphics Info: Driver file: xetex.def on input line 106.
 (/usr/local/texlive/2025/texmf-dist/tex/latex/graphics-def/xetex.def
File: xetex.def 2022/09/22 v5.0n Graphics/color driver for xetex
))
\Gin@req@height=\dimen185
\Gin@req@width=\dimen186
)) (./preamble/packages.tex (/usr/local/texlive/2025/texmf-dist/tex/latex/tools/array.sty
Package: array 2024/10/17 v2.6g Tabular extension package (FMi)
\col@sep=\dimen187
\ar@mcellbox=\box58
\extrarowheight=\dimen188
\NC@list=\toks31
\extratabsurround=\skip69
\backup@length=\skip70
\ar@cellbox=\box59
) (/usr/local/texlive/2025/texmf-dist/tex/latex/tools/tabularx.sty
Package: tabularx 2023/12/11 v2.12a `tabularx' package (DPC)
\TX@col@width=\dimen189
\TX@old@table=\dimen190
\TX@old@col=\dimen191
\TX@target=\dimen192
\TX@delta=\dimen193
\TX@cols=\count310
\TX@ftn=\toks32
) (/usr/local/texlive/2025/texmf-dist/tex/latex/tabularray/tabularray.sty
Package: tabularray 2024-02-16 v2024A Typeset tabulars and arrays with LaTeX3
\l__tblr_a_int=\count311
\l__tblr_c_int=\count312
\l__tblr_r_int=\count313
\l__tblr_d_dim=\dimen194
\l__tblr_h_dim=\dimen195
\l__tblr_o_dim=\dimen196
\l__tblr_p_dim=\dimen197
\l__tblr_q_dim=\dimen198
\l__tblr_r_dim=\dimen199
\l__tblr_s_dim=\dimen256
\l__tblr_t_dim=\dimen257
\l__tblr_v_dim=\dimen258
\l__tblr_w_dim=\dimen259
\l__tblr_a_box=\box60
\l__tblr_b_box=\box61
\l__tblr_c_box=\box62
\l__tblr_d_box=\box63
\g__tblr_table_count_int=\count314
\c@rownum=\count315
\c@colnum=\count316
\c@rowcount=\count317
\c@colcount=\count318
\abovesep=\dimen260
\belowsep=\dimen261
\leftsep=\dimen262
\rightsep=\dimen263
\g_tblr_level_int=\count319
\g__tblr_data_row_key_count_int=\count320
\g__tblr_data_column_key_count_int=\count321
\g__tblr_data_cell_key_count_int=\count322
\g__tblr_array_int=\count323
\l__tblr_key_count_int=\count324
\l__tblr_key_quotient_int=\count325
\l__tblr_key_quotient_two_int=\count326
\l__tblr_key_remainder_int=\count327
\g__tblr_data_str_value_count_int=\count328
\rulewidth=\dimen264
\l__tblr_strut_dp_dim=\dimen265
\l__tblr_strut_ht_dim=\dimen266
\g__tblr_cell_wd_dim=\dimen267
\g__tblr_cell_ht_dim=\dimen268
\g__tblr_cell_head_dim=\dimen269
\g__tblr_cell_foot_dim=\dimen270
\l__column_target_dim=\dimen271
\l__tblr_caption_box=\box64
\l__tblr_caption_left_box=\box65
\l__tblr_row_head_box=\box66
\l__tblr_row_foot_box=\box67
\l__tblr_row_head_foot_dim=\dimen272
\tablewidth=\dimen273
\l__tblr_table_firsthead_box=\box68
\l__tblr_table_middlehead_box=\box69
\l__tblr_table_lasthead_box=\box70
\l__tblr_table_firstfoot_box=\box71
\l__tblr_table_middlefoot_box=\box72
\l__tblr_table_lastfoot_box=\box73
\l__tblr_remain_height_dim=\dimen274
\l__tblr_long_from_int=\count329
\l__tblr_long_to_int=\count330
\l__tblr_curr_i_int=\count331
\l__tblr_prev_i_int=\count332
\l__tblr_table_page_int=\count333
\l__tblr_table_head_box=\box74
\l__tblr_table_foot_box=\box75
\l__tblr_table_head_foot_dim=\dimen275
\l__tblr_table_head_body_foot_dim=\dimen276
\l__tblr_table_box=\box76
\l__tblr_table_hlines_box=\box77
\l__tblr_hline_box=\box78
\l__tblr_row_box=\box79
\l__tblr_col_o_wd_dim=\dimen277
\l__tblr_col_b_wd_dim=\dimen278
\l__tblr_hline_leftskip_dim=\dimen279
\l__tblr_hline_rightskip_dim=\dimen280
\l__tblr_row_ht_dim=\dimen281
\l__tblr_row_dp_dim=\dimen282
\l__tblr_row_abovesep_dim=\dimen283
\l__tblr_row_belowsep_dim=\dimen284
\l__tblr_row_vlines_box=\box80
\l__tblr_vline_box=\box81
\l__tblr_cell_box=\box82
\l__row_upper_dim=\dimen285
\l__row_lower_dim=\dimen286
\l__row_vpace_dim=\dimen287
\l__tblr_vline_aboveskip_dim=\dimen288
\l__tblr_vline_belowskip_dim=\dimen289
\l__tblr_cell_wd_dim=\dimen290
\l__tblr_cell_ht_dim=\dimen291
\l__tblr_diag_box=\box83
) (/usr/local/texlive/2025/texmf-dist/tex/latex/float/float.sty
Package: float 2001/11/08 v1.3d Float enhancements (AL)
\c@float@type=\count334
\float@exts=\toks33
\float@box=\box84
\@float@everytoks=\toks34
\@floatcapt=\box85
) (/usr/local/texlive/2025/texmf-dist/tex/latex/tools/longtable.sty
Package: longtable 2024-10-27 v4.22 Multi-page Table package (DPC)
\LTleft=\skip71
\LTright=\skip72
\LTpre=\skip73
\LTpost=\skip74
\LTchunksize=\count335
\LTcapwidth=\dimen292
\LT@head=\box86
\LT@firsthead=\box87
\LT@foot=\box88
\LT@lastfoot=\box89
\LT@gbox=\box90
\LT@cols=\count336
\LT@rows=\count337
\c@LT@tables=\count338
\c@LT@chunks=\count339
\LT@p@ftn=\toks35
) (/usr/local/texlive/2025/texmf-dist/tex/latex/xcolor/xcolor.sty
Package: xcolor 2024/09/29 v3.02 LaTeX color extensions (UK)
 (/usr/local/texlive/2025/texmf-dist/tex/latex/graphics-cfg/color.cfg
File: color.cfg 2016/01/02 v1.6 sample color configuration
)
Package xcolor Info: Driver file: xetex.def on input line 274.
 (/usr/local/texlive/2025/texmf-dist/tex/latex/graphics/mathcolor.ltx)
Package xcolor Info: Model `cmy' substituted by `cmy0' on input line 1349.
Package xcolor Info: Model `RGB' extended on input line 1365.
Package xcolor Info: Model `HTML' substituted by `rgb' on input line 1367.
Package xcolor Info: Model `Hsb' substituted by `hsb' on input line 1368.
Package xcolor Info: Model `tHsb' substituted by `hsb' on input line 1369.
Package xcolor Info: Model `HSB' substituted by `hsb' on input line 1370.
Package xcolor Info: Model `Gray' substituted by `gray' on input line 1371.
Package xcolor Info: Model `wave' substituted by `hsb' on input line 1372.
) (/usr/local/texlive/2025/texmf-dist/tex/latex/colortbl/colortbl.sty
Package: colortbl 2024/07/06 v1.0i Color table columns (DPC)
\everycr=\toks36
\minrowclearance=\skip75
) (/usr/local/texlive/2025/texmf-dist/tex/latex/pdflscape/pdflscape.sty
Package: pdflscape 2022-10-27 v0.13 Display of landscape pages in PDF
 (/usr/local/texlive/2025/texmf-dist/tex/latex/pdflscape/pdflscape-nometadata.sty
Package: pdflscape-nometadata 2022-10-28 v0.13 Display of landscape pages in PDF (HO)
 (/usr/local/texlive/2025/texmf-dist/tex/generic/iftex/iftex.sty
Package: iftex 2024/12/12 v1.0g TeX engine tests
) (/usr/local/texlive/2025/texmf-dist/tex/latex/graphics/lscape.sty
Package: lscape 2020/05/28 v3.02 Landscape Pages (DPC)
)
Package pdflscape Info: Auto-detected driver: dvipdfm (xetex) on input line 98.
))) (/usr/local/texlive/2025/texmf-dist/tex/latex/makecell/makecell.sty
Package: makecell 2009/08/03 V0.1e Managing of Tab Column Heads and Cells
\rotheadsize=\dimen293
\c@nlinenum=\count340
\TeXr@lab=\toks37
) (./styles/numerals.tex) (./preamble/toc.tex (/usr/local/texlive/2025/texmf-dist/tex/latex/tocloft/tocloft.sty
Package: tocloft 2017/08/31 v2.3i parameterised ToC, etc., typesetting
Package tocloft Info: The document has section divisions on input line 51.
\cftparskip=\skip76
\cftbeforetoctitleskip=\skip77
\cftaftertoctitleskip=\skip78
\cftbeforepartskip=\skip79
\cftpartnumwidth=\skip80
\cftpartindent=\skip81
\cftbeforesecskip=\skip82
\cftsecindent=\skip83
\cftsecnumwidth=\skip84
\cftbeforesubsecskip=\skip85
\cftsubsecindent=\skip86
\cftsubsecnumwidth=\skip87
\cftbeforesubsubsecskip=\skip88
\cftsubsubsecindent=\skip89
\cftsubsubsecnumwidth=\skip90
\cftbeforeparaskip=\skip91
\cftparaindent=\skip92
\cftparanumwidth=\skip93
\cftbeforesubparaskip=\skip94
\cftsubparaindent=\skip95
\cftsubparanumwidth=\skip96
\cftbeforeloftitleskip=\skip97
\cftafterloftitleskip=\skip98
\cftbeforefigskip=\skip99
\cftfigindent=\skip100
\cftfignumwidth=\skip101
\c@lofdepth=\count341
\c@lotdepth=\count342
\cftbeforelottitleskip=\skip102
\cftafterlottitleskip=\skip103
\cftbeforetabskip=\skip104
\cfttabindent=\skip105
\cfttabnumwidth=\skip106
) (/usr/local/texlive/2025/texmf-dist/tex/latex/base/makeidx.sty
Package: makeidx 2021/10/04 v1.0m Standard LaTeX package
)
\@indexfile=\write3
\openout3 = `siumatgwoon.idx'.


Writing index file siumatgwoon.idx
(/usr/local/texlive/2025/texmf-dist/tex/latex/titlesec/titlesec.sty
Package: titlesec 2025/01/04 v2.17 Sectioning titles
\ttl@box=\box91
\beforetitleunit=\skip107
\aftertitleunit=\skip108
\ttl@plus=\dimen294
\ttl@minus=\dimen295
\ttl@toksa=\toks38
\titlewidth=\dimen296
\titlewidthlast=\dimen297
\titlewidthfirst=\dimen298
)) (out/siumatgwoon.aux)
\openout1 = `siumatgwoon.aux'.

LaTeX Font Info:    Checking defaults for OML/cmm/m/it on input line 57.
LaTeX Font Info:    ... okay on input line 57.
LaTeX Font Info:    Checking defaults for OMS/cmsy/m/n on input line 57.
LaTeX Font Info:    ... okay on input line 57.
LaTeX Font Info:    Checking defaults for OT1/cmr/m/n on input line 57.
LaTeX Font Info:    ... okay on input line 57.
LaTeX Font Info:    Checking defaults for T1/cmr/m/n on input line 57.
LaTeX Font Info:    ... okay on input line 57.
LaTeX Font Info:    Checking defaults for TS1/cmr/m/n on input line 57.
LaTeX Font Info:    ... okay on input line 57.
LaTeX Font Info:    Checking defaults for TU/lmr/m/n on input line 57.
LaTeX Font Info:    ... okay on input line 57.
LaTeX Font Info:    Checking defaults for OMX/cmex/m/n on input line 57.
LaTeX Font Info:    ... okay on input line 57.
LaTeX Font Info:    Checking defaults for U/cmr/m/n on input line 57.
LaTeX Font Info:    ... okay on input line 57.

Package fontspec Info: 
(fontspec)             Adjusting the maths setup (use [no-math] to avoid
(fontspec)             this).

\symlegacymaths=\mathgroup6
LaTeX Font Info:    Overwriting symbol font `legacymaths' in version `bold'
(Font)                  OT1/cmr/m/n --> OT1/cmr/bx/n on input line 57.
LaTeX Font Info:    Redeclaring math accent \acute on input line 57.
LaTeX Font Info:    Redeclaring math accent \grave on input line 57.
LaTeX Font Info:    Redeclaring math accent \ddot on input line 57.
LaTeX Font Info:    Redeclaring math accent \tilde on input line 57.
LaTeX Font Info:    Redeclaring math accent \bar on input line 57.
LaTeX Font Info:    Redeclaring math accent \breve on input line 57.
LaTeX Font Info:    Redeclaring math accent \check on input line 57.
LaTeX Font Info:    Redeclaring math accent \hat on input line 57.
LaTeX Font Info:    Redeclaring math accent \dot on input line 57.
LaTeX Font Info:    Redeclaring math accent \mathring on input line 57.
LaTeX Font Info:    Redeclaring math symbol \Gamma on input line 57.
LaTeX Font Info:    Redeclaring math symbol \Delta on input line 57.
LaTeX Font Info:    Redeclaring math symbol \Theta on input line 57.
LaTeX Font Info:    Redeclaring math symbol \Lambda on input line 57.
LaTeX Font Info:    Redeclaring math symbol \Xi on input line 57.
LaTeX Font Info:    Redeclaring math symbol \Pi on input line 57.
LaTeX Font Info:    Redeclaring math symbol \Sigma on input line 57.
LaTeX Font Info:    Redeclaring math symbol \Upsilon on input line 57.
LaTeX Font Info:    Redeclaring math symbol \Phi on input line 57.
LaTeX Font Info:    Redeclaring math symbol \Psi on input line 57.
LaTeX Font Info:    Redeclaring math symbol \Omega on input line 57.
LaTeX Font Info:    Redeclaring math symbol \mathdollar on input line 57.
LaTeX Font Info:    Redeclaring symbol font `operators' on input line 57.
LaTeX Font Info:    Encoding `OT1' has changed to `TU' for symbol font
(Font)              `operators' in the math version `normal' on input line 57.
LaTeX Font Info:    Overwriting symbol font `operators' in version `normal'
(Font)                  OT1/cmr/m/n --> TU/lmr/m/n on input line 57.
LaTeX Font Info:    Encoding `OT1' has changed to `TU' for symbol font
(Font)              `operators' in the math version `bold' on input line 57.
LaTeX Font Info:    Overwriting symbol font `operators' in version `bold'
(Font)                  OT1/cmr/bx/n --> TU/lmr/m/n on input line 57.
LaTeX Font Info:    Overwriting symbol font `operators' in version `normal'
(Font)                  TU/lmr/m/n --> TU/lmr/m/n on input line 57.
LaTeX Font Info:    Overwriting math alphabet `\mathit' in version `normal'
(Font)                  OT1/cmr/m/it --> TU/lmr/m/it on input line 57.
LaTeX Font Info:    Overwriting math alphabet `\mathbf' in version `normal'
(Font)                  OT1/cmr/bx/n --> TU/lmr/b/n on input line 57.
LaTeX Font Info:    Overwriting math alphabet `\mathsf' in version `normal'
(Font)                  OT1/cmss/m/n --> TU/lmss/m/n on input line 57.
LaTeX Font Info:    Overwriting math alphabet `\mathtt' in version `normal'
(Font)                  OT1/cmtt/m/n --> TU/lmtt/m/n on input line 57.
LaTeX Font Info:    Overwriting symbol font `operators' in version `bold'
(Font)                  TU/lmr/m/n --> TU/lmr/b/n on input line 57.
LaTeX Font Info:    Overwriting math alphabet `\mathit' in version `bold'
(Font)                  OT1/cmr/bx/it --> TU/lmr/b/it on input line 57.
LaTeX Font Info:    Overwriting math alphabet `\mathsf' in version `bold'
(Font)                  OT1/cmss/bx/n --> TU/lmss/b/n on input line 57.
LaTeX Font Info:    Overwriting math alphabet `\mathtt' in version `bold'
(Font)                  OT1/cmtt/m/n --> TU/lmtt/b/n on input line 57.
 (/usr/local/texlive/2025/texmf-dist/tex/latex/ninecolors/ninecolors.sty
Package: ninecolors 2022-02-13 v2022D Select colors with proper color contrast
)
LaTeX Font Info:    Trying to load font information for U+msa on input line 66.
 (/usr/local/texlive/2025/texmf-dist/tex/latex/amsfonts/umsa.fd
File: umsa.fd 2013/01/14 v3.01 AMS symbols A
)
LaTeX Font Info:    Trying to load font information for U+msb on input line 66.
 (/usr/local/texlive/2025/texmf-dist/tex/latex/amsfonts/umsb.fd
File: umsb.fd 2013/01/14 v3.01 AMS symbols B
) (./chapters/01-definitions.tex

[1

]

[2]

[3]

LaTeX Font Warning: Font shape `TU/BabelStoneHan(0)/m/it' undefined
(Font)              using `TU/BabelStoneHan(0)/m/n' instead on input line 99.


Underfull \hbox (badness 2173) in paragraph at lines 114--115
\TU/JyutcitziWithSourceHanSerifTCRegular(0)/m/n/10 or a proper compound like \TU/BabelStoneHan(0)/m/n/10 雲\TU/JyutcitziWithSourceHanSerifTCRegular(0)/m/n/10 . Consider the siumatgwoon $\OML/cmm/m/it/10 S \OT1/cmr/m/n/10 =
 []



[4]

[5]
Missing character: There is no 水 (U+6C34) in font [lmroman10-regular]:mapping=tex-text;!
Missing character: There is no 工 (U+5DE5) in font [lmroman7-regular]:mapping=tex-text;!
Missing character: There is no 、 (U+3001) in font [lmroman10-regular]:mapping=tex-text;!
Missing character: There is no 水 (U+6C34) in font [lmroman10-regular]:mapping=tex-text;!
Missing character: There is no 可 (U+53EF) in font [lmroman7-regular]:mapping=tex-text;!
Missing character: There is no 、 (U+3001) in font [lmroman10-regular]:mapping=tex-text;!
Missing character: There is no 水 (U+6C34) in font [lmroman10-regular]:mapping=tex-text;!
Missing character: There is no 胡 (U+80E1) in font [lmroman7-regular]:mapping=tex-text;!
Missing character: There is no 、 (U+3001) in font [lmroman10-regular]:mapping=tex-text;!
Missing character: There is no 水 (U+6C34) in font [lmroman10-regular]:mapping=tex-text;!
Missing character: There is no 每 (U+6BCF) in font [lmroman7-regular]:mapping=tex-text;!
Missing character: There is no 字 (U+5B57) in font [lmroman10-regular]:mapping=tex-text;!
Missing character: There is no 水 (U+6C34) in font [lmroman10-regular]:mapping=tex-text;!
Missing character: There is no 水 (U+6C34) in font [lmroman10-regular]:mapping=tex-text;!
Missing character: There is no 工 (U+5DE5) in font [lmroman7-regular]:mapping=tex-text;!
Missing character: There is no 江 (U+6C5F) in font [lmroman10-regular]:mapping=tex-text;!

LaTeX Font Warning: Font shape `TU/BabelStoneHan(0)/b/n' undefined
(Font)              using `TU/BabelStoneHan(0)/m/n' instead on input line 194.


LaTeX Font Warning: Font shape `TU/JyutcitziWithSourceHanSerifTCRegular(0)/m/it' undefined
(Font)              using `TU/JyutcitziWithSourceHanSerifTCRegular(0)/m/n' instead on input line 196.



[6]
LaTeX Font Info:    Trying to load font information for U+euf on input line 198.
 (/usr/local/texlive/2025/texmf-dist/tex/latex/amsfonts/ueuf.fd
File: ueuf.fd 2013/01/14 v3.01 Euler Fraktur
)

[7]
Missing character: There is no ٠ (U+0660) in font [./fonts/JyutcitziWithSourceHanSerifTCRegular.ttf]/OT:script=latn;language=dflt;!
Missing character: There is no ١ (U+0661) in font [./fonts/JyutcitziWithSourceHanSerifTCRegular.ttf]/OT:script=latn;language=dflt;!
Missing character: There is no ٢ (U+0662) in font [./fonts/JyutcitziWithSourceHanSerifTCRegular.ttf]/OT:script=latn;language=dflt;!
Missing character: There is no ٣ (U+0663) in font [./fonts/JyutcitziWithSourceHanSerifTCRegular.ttf]/OT:script=latn;language=dflt;!
Missing character: There is no ٤ (U+0664) in font [./fonts/JyutcitziWithSourceHanSerifTCRegular.ttf]/OT:script=latn;language=dflt;!
Missing character: There is no ٥ (U+0665) in font [./fonts/JyutcitziWithSourceHanSerifTCRegular.ttf]/OT:script=latn;language=dflt;!
Missing character: There is no ٦ (U+0666) in font [./fonts/JyutcitziWithSourceHanSerifTCRegular.ttf]/OT:script=latn;language=dflt;!
Missing character: There is no ٧ (U+0667) in font [./fonts/JyutcitziWithSourceHanSerifTCRegular.ttf]/OT:script=latn;language=dflt;!
Missing character: There is no ٨ (U+0668) in font [./fonts/JyutcitziWithSourceHanSerifTCRegular.ttf]/OT:script=latn;language=dflt;!
Missing character: There is no ٩ (U+0669) in font [./fonts/JyutcitziWithSourceHanSerifTCRegular.ttf]/OT:script=latn;language=dflt;!
Missing character: There is no ٠ (U+0660) in font [./fonts/JyutcitziWithSourceHanSerifTCRegular.ttf]/OT:script=latn;language=dflt;!
Missing character: There is no ۰ (U+06F0) in font [./fonts/JyutcitziWithSourceHanSerifTCRegular.ttf]/OT:script=latn;language=dflt;!
Missing character: There is no ۱ (U+06F1) in font [./fonts/JyutcitziWithSourceHanSerifTCRegular.ttf]/OT:script=latn;language=dflt;!
Missing character: There is no ۲ (U+06F2) in font [./fonts/JyutcitziWithSourceHanSerifTCRegular.ttf]/OT:script=latn;language=dflt;!
Missing character: There is no ۳ (U+06F3) in font [./fonts/JyutcitziWithSourceHanSerifTCRegular.ttf]/OT:script=latn;language=dflt;!
Missing character: There is no ۴ (U+06F4) in font [./fonts/JyutcitziWithSourceHanSerifTCRegular.ttf]/OT:script=latn;language=dflt;!
Missing character: There is no ۵ (U+06F5) in font [./fonts/JyutcitziWithSourceHanSerifTCRegular.ttf]/OT:script=latn;language=dflt;!
Missing character: There is no ۶ (U+06F6) in font [./fonts/JyutcitziWithSourceHanSerifTCRegular.ttf]/OT:script=latn;language=dflt;!
Missing character: There is no ۷ (U+06F7) in font [./fonts/JyutcitziWithSourceHanSerifTCRegular.ttf]/OT:script=latn;language=dflt;!
Missing character: There is no ۸ (U+06F8) in font [./fonts/JyutcitziWithSourceHanSerifTCRegular.ttf]/OT:script=latn;language=dflt;!
Missing character: There is no ० (U+0966) in font [./fonts/JyutcitziWithSourceHanSerifTCRegular.ttf]/OT:script=latn;language=dflt;!
Missing character: There is no १ (U+0967) in font [./fonts/JyutcitziWithSourceHanSerifTCRegular.ttf]/OT:script=latn;language=dflt;!
Missing character: There is no २ (U+0968) in font [./fonts/JyutcitziWithSourceHanSerifTCRegular.ttf]/OT:script=latn;language=dflt;!
Missing character: There is no ३ (U+0969) in font [./fonts/JyutcitziWithSourceHanSerifTCRegular.ttf]/OT:script=latn;language=dflt;!
Missing character: There is no ४ (U+096A) in font [./fonts/JyutcitziWithSourceHanSerifTCRegular.ttf]/OT:script=latn;language=dflt;!
Missing character: There is no ५ (U+096B) in font [./fonts/JyutcitziWithSourceHanSerifTCRegular.ttf]/OT:script=latn;language=dflt;!
Missing character: There is no ६ (U+096C) in font [./fonts/JyutcitziWithSourceHanSerifTCRegular.ttf]/OT:script=latn;language=dflt;!
Missing character: There is no ७ (U+096D) in font [./fonts/JyutcitziWithSourceHanSerifTCRegular.ttf]/OT:script=latn;language=dflt;!
Missing character: There is no ८ (U+096E) in font [./fonts/JyutcitziWithSourceHanSerifTCRegular.ttf]/OT:script=latn;language=dflt;!
Missing character: There is no ९ (U+096F) in font [./fonts/JyutcitziWithSourceHanSerifTCRegular.ttf]/OT:script=latn;language=dflt;!
Missing character: There is no ૦ (U+0AE6) in font [./fonts/JyutcitziWithSourceHanSerifTCRegular.ttf]/OT:script=latn;language=dflt;!
Missing character: There is no ૧ (U+0AE7) in font [./fonts/JyutcitziWithSourceHanSerifTCRegular.ttf]/OT:script=latn;language=dflt;!
Missing character: There is no ૨ (U+0AE8) in font [./fonts/JyutcitziWithSourceHanSerifTCRegular.ttf]/OT:script=latn;language=dflt;!
Missing character: There is no ૩ (U+0AE9) in font [./fonts/JyutcitziWithSourceHanSerifTCRegular.ttf]/OT:script=latn;language=dflt;!
Missing character: There is no ૪ (U+0AEA) in font [./fonts/JyutcitziWithSourceHanSerifTCRegular.ttf]/OT:script=latn;language=dflt;!
Missing character: There is no ૫ (U+0AEB) in font [./fonts/JyutcitziWithSourceHanSerifTCRegular.ttf]/OT:script=latn;language=dflt;!
Missing character: There is no ૬ (U+0AEC) in font [./fonts/JyutcitziWithSourceHanSerifTCRegular.ttf]/OT:script=latn;language=dflt;!
Missing character: There is no ૭ (U+0AED) in font [./fonts/JyutcitziWithSourceHanSerifTCRegular.ttf]/OT:script=latn;language=dflt;!
Missing character: There is no ૮ (U+0AEE) in font [./fonts/JyutcitziWithSourceHanSerifTCRegular.ttf]/OT:script=latn;language=dflt;!
Missing character: There is no ૯ (U+0AEF) in font [./fonts/JyutcitziWithSourceHanSerifTCRegular.ttf]/OT:script=latn;language=dflt;!
Missing character: There is no ༠ (U+0F20) in font [./fonts/JyutcitziWithSourceHanSerifTCRegular.ttf]/OT:script=latn;language=dflt;!
Missing character: There is no ༡ (U+0F21) in font [./fonts/JyutcitziWithSourceHanSerifTCRegular.ttf]/OT:script=latn;language=dflt;!
Missing character: There is no ༢ (U+0F22) in font [./fonts/JyutcitziWithSourceHanSerifTCRegular.ttf]/OT:script=latn;language=dflt;!
Missing character: There is no ༣ (U+0F23) in font [./fonts/JyutcitziWithSourceHanSerifTCRegular.ttf]/OT:script=latn;language=dflt;!
Missing character: There is no ༤ (U+0F24) in font [./fonts/JyutcitziWithSourceHanSerifTCRegular.ttf]/OT:script=latn;language=dflt;!
Missing character: There is no ༥ (U+0F25) in font [./fonts/JyutcitziWithSourceHanSerifTCRegular.ttf]/OT:script=latn;language=dflt;!
Missing character: There is no ༦ (U+0F26) in font [./fonts/JyutcitziWithSourceHanSerifTCRegular.ttf]/OT:script=latn;language=dflt;!
Missing character: There is no ༧ (U+0F27) in font [./fonts/JyutcitziWithSourceHanSerifTCRegular.ttf]/OT:script=latn;language=dflt;!
Missing character: There is no ༨ (U+0F28) in font [./fonts/JyutcitziWithSourceHanSerifTCRegular.ttf]/OT:script=latn;language=dflt;!
Missing character: There is no ༩ (U+0F29) in font [./fonts/JyutcitziWithSourceHanSerifTCRegular.ttf]/OT:script=latn;language=dflt;!
Missing character: There is no א (U+05D0) in font [./fonts/JyutcitziWithSourceHanSerifTCRegular.ttf]/OT:script=latn;language=dflt;!
Missing character: There is no ב (U+05D1) in font [./fonts/JyutcitziWithSourceHanSerifTCRegular.ttf]/OT:script=latn;language=dflt;!
Missing character: There is no ג (U+05D2) in font [./fonts/JyutcitziWithSourceHanSerifTCRegular.ttf]/OT:script=latn;language=dflt;!
Missing character: There is no ד (U+05D3) in font [./fonts/JyutcitziWithSourceHanSerifTCRegular.ttf]/OT:script=latn;language=dflt;!
Missing character: There is no ה (U+05D4) in font [./fonts/JyutcitziWithSourceHanSerifTCRegular.ttf]/OT:script=latn;language=dflt;!
Missing character: There is no ו (U+05D5) in font [./fonts/JyutcitziWithSourceHanSerifTCRegular.ttf]/OT:script=latn;language=dflt;!
Missing character: There is no ז (U+05D6) in font [./fonts/JyutcitziWithSourceHanSerifTCRegular.ttf]/OT:script=latn;language=dflt;!
Missing character: There is no ח (U+05D7) in font [./fonts/JyutcitziWithSourceHanSerifTCRegular.ttf]/OT:script=latn;language=dflt;!
Missing character: There is no ט (U+05D8) in font [./fonts/JyutcitziWithSourceHanSerifTCRegular.ttf]/OT:script=latn;language=dflt;!
Missing character: There is no 𝍠 (U+1D360) in font [./fonts/JyutcitziWithSourceHanSerifTCRegular.ttf]/OT:script=latn;language=dflt;!
Missing character: There is no 𝍡 (U+1D361) in font [./fonts/JyutcitziWithSourceHanSerifTCRegular.ttf]/OT:script=latn;language=dflt;!
Missing character: There is no 𝍢 (U+1D362) in font [./fonts/JyutcitziWithSourceHanSerifTCRegular.ttf]/OT:script=latn;language=dflt;!
Missing character: There is no 𝍣 (U+1D363) in font [./fonts/JyutcitziWithSourceHanSerifTCRegular.ttf]/OT:script=latn;language=dflt;!
Missing character: There is no 𝍤 (U+1D364) in font [./fonts/JyutcitziWithSourceHanSerifTCRegular.ttf]/OT:script=latn;language=dflt;!
Missing character: There is no 𝍥 (U+1D365) in font [./fonts/JyutcitziWithSourceHanSerifTCRegular.ttf]/OT:script=latn;language=dflt;!
Missing character: There is no 𝍦 (U+1D366) in font [./fonts/JyutcitziWithSourceHanSerifTCRegular.ttf]/OT:script=latn;language=dflt;!
Missing character: There is no 𝍧 (U+1D367) in font [./fonts/JyutcitziWithSourceHanSerifTCRegular.ttf]/OT:script=latn;language=dflt;!
Missing character: There is no 𝍨 (U+1D368) in font [./fonts/JyutcitziWithSourceHanSerifTCRegular.ttf]/OT:script=latn;language=dflt;!
Missing character: There is no 𝍲 (U+1D372) in font [./fonts/JyutcitziWithSourceHanSerifTCRegular.ttf]/OT:script=latn;language=dflt;!
Missing character: There is no 𝍳 (U+1D373) in font [./fonts/JyutcitziWithSourceHanSerifTCRegular.ttf]/OT:script=latn;language=dflt;!
Missing character: There is no 𝍴 (U+1D374) in font [./fonts/JyutcitziWithSourceHanSerifTCRegular.ttf]/OT:script=latn;language=dflt;!
Missing character: There is no 𝍵 (U+1D375) in font [./fonts/JyutcitziWithSourceHanSerifTCRegular.ttf]/OT:script=latn;language=dflt;!
Missing character: There is no 𝍶 (U+1D376) in font [./fonts/JyutcitziWithSourceHanSerifTCRegular.ttf]/OT:script=latn;language=dflt;!
Missing character: There is no 𝍶 (U+1D376) in font [./fonts/JyutcitziWithSourceHanSerifTCRegular.ttf]/OT:script=latn;language=dflt;!
Missing character: There is no 𝍲 (U+1D372) in font [./fonts/JyutcitziWithSourceHanSerifTCRegular.ttf]/OT:script=latn;language=dflt;!
Missing character: There is no 𝍶 (U+1D376) in font [./fonts/JyutcitziWithSourceHanSerifTCRegular.ttf]/OT:script=latn;language=dflt;!
Missing character: There is no 𝍳 (U+1D373) in font [./fonts/JyutcitziWithSourceHanSerifTCRegular.ttf]/OT:script=latn;language=dflt;!
Missing character: There is no 𝍶 (U+1D376) in font [./fonts/JyutcitziWithSourceHanSerifTCRegular.ttf]/OT:script=latn;language=dflt;!
Missing character: There is no 𝍴 (U+1D374) in font [./fonts/JyutcitziWithSourceHanSerifTCRegular.ttf]/OT:script=latn;language=dflt;!
Missing character: There is no 𝍶 (U+1D376) in font [./fonts/JyutcitziWithSourceHanSerifTCRegular.ttf]/OT:script=latn;language=dflt;!
Missing character: There is no 𝍵 (U+1D375) in font [./fonts/JyutcitziWithSourceHanSerifTCRegular.ttf]/OT:script=latn;language=dflt;!
Missing character: There is no 𘈩 (U+18229) in font BabelStone Han/OT:script=hani;language=dflt;!
Missing character: There is no 𗍫 (U+1736B) in font BabelStone Han/OT:script=hani;language=dflt;!
Missing character: There is no 𘕕 (U+18555) in font BabelStone Han/OT:script=hani;language=dflt;!
Missing character: There is no 𗥃 (U+17943) in font BabelStone Han/OT:script=hani;language=dflt;!
Missing character: There is no 𗏁 (U+173C1) in font BabelStone Han/OT:script=hani;language=dflt;!
Missing character: There is no 𗤁 (U+17901) in font BabelStone Han/OT:script=hani;language=dflt;!
Missing character: There is no 𗒹 (U+174B9) in font BabelStone Han/OT:script=hani;language=dflt;!
Missing character: There is no 𘉋 (U+1824B) in font BabelStone Han/OT:script=hani;language=dflt;!
Missing character: There is no 𗢭 (U+178AD) in font BabelStone Han/OT:script=hani;language=dflt;!

Overfull \hbox (113.62225pt too wide) in paragraph at lines 225--258
 [] 
 []



[8]

[9]

[10]

LaTeX Font Warning: Font shape `TU/JyutcitziWithSourceHanSerifTCRegular(0)/b/n' undefined
(Font)              using `TU/JyutcitziWithSourceHanSerifTCRegular(0)/m/n' instead on input line 367.



[11]

[12]

[13])

[14] (out/siumatgwoon.aux)
 ***********
LaTeX2e <2024-11-01> patch level 2
L3 programming layer <2022/07/14>
 ***********


LaTeX Font Warning: Some font shapes were not available, defaults substituted.

 ) 
Here is how much of TeX's memory you used:
 12115 strings out of 473832
 304730 string characters out of 5729481
 737297 words of memory out of 5000000
 34924 multiletter control sequences out of 15000+600000
 571973 words of font info for 134 fonts, out of 8000000 for 9000
 1348 hyphenation exceptions out of 8191
 93i,7n,114p,1182b,445s stack positions out of 10000i,1000n,20000p,200000b,200000s

Output written on out/siumatgwoon.pdf (14 pages).
